2024-04-02 18:45:46,616 ERROR: Exception on /auth/profile [GET] [in C:\Users\Arman\Documents\flask_shop_vscode\venv\Lib\site-packages\flask\app.py:828]
Traceback (most recent call last):
  File "C:\Users\Arman\Documents\flask_shop_vscode\venv\Lib\site-packages\flask\app.py", line 1463, in wsgi_app
    response = self.full_dispatch_request()
               ^^^^^^^^^^^^^^^^^^^^^^^^^^^^
  File "C:\Users\Arman\Documents\flask_shop_vscode\venv\Lib\site-packages\flask\app.py", line 872, in full_dispatch_request
    rv = self.handle_user_exception(e)
         ^^^^^^^^^^^^^^^^^^^^^^^^^^^^^
  File "C:\Users\Arman\Documents\flask_shop_vscode\venv\Lib\site-packages\flask\app.py", line 870, in full_dispatch_request
    rv = self.dispatch_request()
         ^^^^^^^^^^^^^^^^^^^^^^^
  File "C:\Users\Arman\Documents\flask_shop_vscode\venv\Lib\site-packages\flask\app.py", line 855, in dispatch_request
    return self.ensure_sync(self.view_functions[rule.endpoint])(**view_args)  # type: ignore[no-any-return]
           ^^^^^^^^^^^^^^^^^^^^^^^^^^^^^^^^^^^^^^^^^^^^^^^^^^^^^^^^^^^^^^^^^
  File "C:\Users\Arman\Documents\flask_shop_vscode\venv\Lib\site-packages\flask_login\utils.py", line 290, in decorated_view
    return current_app.ensure_sync(func)(*args, **kwargs)
           ^^^^^^^^^^^^^^^^^^^^^^^^^^^^^^^^^^^^^^^^^^^^^^
  File "C:\Users\Arman\Documents\flask_shop_vscode\source\auth\routes.py", line 132, in profile
    return render_template('auth/profile.html', form1=profile_form, form2=password_form)
           ^^^^^^^^^^^^^^^^^^^^^^^^^^^^^^^^^^^^^^^^^^^^^^^^^^^^^^^^^^^^^^^^^^^^^^^^^^^^^
  File "C:\Users\Arman\Documents\flask_shop_vscode\venv\Lib\site-packages\flask\templating.py", line 150, in render_template
    return _render(app, template, context)
           ^^^^^^^^^^^^^^^^^^^^^^^^^^^^^^^
  File "C:\Users\Arman\Documents\flask_shop_vscode\venv\Lib\site-packages\flask\templating.py", line 131, in _render
    rv = template.render(context)
         ^^^^^^^^^^^^^^^^^^^^^^^^
  File "C:\Users\Arman\Documents\flask_shop_vscode\venv\Lib\site-packages\jinja2\environment.py", line 1301, in render
    self.environment.handle_exception()
  File "C:\Users\Arman\Documents\flask_shop_vscode\venv\Lib\site-packages\jinja2\environment.py", line 936, in handle_exception
    raise rewrite_traceback_stack(source=source)
  File "C:\Users\Arman\Documents\flask_shop_vscode\source\templates\auth\profile.html", line 1, in top-level template code
    {% extends "base.html" %}
  File "C:\Users\Arman\Documents\flask_shop_vscode\source\templates\base.html", line 56, in top-level template code
    {% block content %}
  File "C:\Users\Arman\Documents\flask_shop_vscode\source\templates\auth\profile.html", line 28, in block 'content'
    {{ render_field(orm1.phone_number) }}
    ^^^^^^^^^^^^^^^^^^^^^^^^^
  File "C:\Users\Arman\Documents\flask_shop_vscode\venv\Lib\site-packages\jinja2\environment.py", line 485, in getattr
    return getattr(obj, attribute)
           ^^^^^^^^^^^^^^^^^^^^^^^
jinja2.exceptions.UndefinedError: 'orm1' is undefined
2024-04-02 18:46:01,866 INFO: Flask_app startup [in C:\Users\Arman\Documents\flask_shop_vscode\source\__init__.py:72]
2024-04-02 18:46:43,178 INFO: Flask_app startup [in C:\Users\Arman\Documents\flask_shop_vscode\source\__init__.py:72]
2024-04-02 18:47:43,075 INFO: Flask_app startup [in C:\Users\Arman\Documents\flask_shop_vscode\source\__init__.py:72]
2024-04-02 18:48:18,500 INFO: Flask_app startup [in C:\Users\Arman\Documents\flask_shop_vscode\source\__init__.py:72]
2024-04-02 18:48:45,538 INFO: Flask_app startup [in C:\Users\Arman\Documents\flask_shop_vscode\source\__init__.py:72]
2024-04-02 18:49:33,573 INFO: Flask_app startup [in C:\Users\Arman\Documents\flask_shop_vscode\source\__init__.py:72]
2024-04-02 18:49:57,357 INFO: Flask_app startup [in C:\Users\Arman\Documents\flask_shop_vscode\source\__init__.py:72]
2024-04-02 18:50:16,547 INFO: Flask_app startup [in C:\Users\Arman\Documents\flask_shop_vscode\source\__init__.py:72]
2024-04-02 18:51:13,352 INFO: Flask_app startup [in C:\Users\Arman\Documents\flask_shop_vscode\source\__init__.py:72]
2024-04-02 18:51:34,728 INFO: Flask_app startup [in C:\Users\Arman\Documents\flask_shop_vscode\source\__init__.py:72]
2024-04-02 18:53:20,719 INFO: Flask_app startup [in C:\Users\Arman\Documents\flask_shop_vscode\source\__init__.py:72]
2024-04-02 18:56:36,290 INFO: Flask_app startup [in C:\Users\Arman\Documents\flask_shop_vscode\source\__init__.py:72]
2024-04-02 18:58:06,031 INFO: Flask_app startup [in C:\Users\Arman\Documents\flask_shop_vscode\source\__init__.py:72]
2024-04-02 18:59:07,545 INFO: Flask_app startup [in C:\Users\Arman\Documents\flask_shop_vscode\source\__init__.py:72]
2024-04-02 19:00:14,252 INFO: Flask_app startup [in C:\Users\Arman\Documents\flask_shop_vscode\source\__init__.py:72]
2024-04-02 19:00:37,354 INFO: Flask_app startup [in C:\Users\Arman\Documents\flask_shop_vscode\source\__init__.py:72]
2024-04-02 19:01:26,322 INFO: Flask_app startup [in C:\Users\Arman\Documents\flask_shop_vscode\source\__init__.py:72]
2024-04-02 20:49:21,333 INFO: Flask_app startup [in C:\Users\Arman\Documents\flask_shop_vscode\source\__init__.py:72]
2024-04-02 21:04:09,656 INFO: Flask_app startup [in C:\Users\Arman\Documents\flask_shop_vscode\source\__init__.py:72]
2024-04-02 21:05:17,095 INFO: Flask_app startup [in C:\Users\Arman\Documents\flask_shop_vscode\source\__init__.py:72]
2024-04-02 21:07:10,580 INFO: Flask_app startup [in C:\Users\Arman\Documents\flask_shop_vscode\source\__init__.py:72]
2024-04-02 21:55:35,043 INFO: Flask_app startup [in C:\Users\Arman\Documents\flask_shop_vscode\source\__init__.py:72]
2024-04-02 22:02:40,617 INFO: Flask_app startup [in C:\Users\Arman\Documents\flask_shop_vscode\source\__init__.py:72]
2024-04-02 22:08:46,859 INFO: Flask_app startup [in C:\Users\Arman\Documents\flask_shop_vscode\source\__init__.py:72]
2024-04-03 17:56:45,736 INFO: Flask_app startup [in C:\Users\Arman\Documents\flask_shop_vscode\source\__init__.py:72]
2024-04-03 18:04:14,348 INFO: Flask_app startup [in C:\Users\Arman\Documents\flask_shop_vscode\source\__init__.py:72]
2024-04-03 18:13:18,297 INFO: Flask_app startup [in C:\Users\Arman\Documents\flask_shop_vscode\source\__init__.py:72]
2024-04-03 18:17:11,711 INFO: Flask_app startup [in C:\Users\Arman\Documents\flask_shop_vscode\source\__init__.py:72]
2024-04-03 18:18:41,052 INFO: Flask_app startup [in C:\Users\Arman\Documents\flask_shop_vscode\source\__init__.py:72]
2024-04-03 18:19:36,918 INFO: Flask_app startup [in C:\Users\Arman\Documents\flask_shop_vscode\source\__init__.py:72]
2024-04-03 18:24:43,886 INFO: Flask_app startup [in C:\Users\Arman\Documents\flask_shop_vscode\source\__init__.py:72]
2024-04-03 18:28:46,912 INFO: Flask_app startup [in C:\Users\Arman\Documents\flask_shop_vscode\source\__init__.py:72]
2024-04-03 18:30:18,205 INFO: Flask_app startup [in C:\Users\Arman\Documents\flask_shop_vscode\source\__init__.py:72]
2024-04-03 18:34:00,217 INFO: Flask_app startup [in C:\Users\Arman\Documents\flask_shop_vscode\source\__init__.py:72]
2024-04-03 18:42:19,613 INFO: Flask_app startup [in C:\Users\Arman\Documents\flask_shop_vscode\source\__init__.py:72]
2024-04-03 18:44:27,644 INFO: Flask_app startup [in C:\Users\Arman\Documents\flask_shop_vscode\source\__init__.py:72]
2024-04-03 18:45:44,199 INFO: Flask_app startup [in C:\Users\Arman\Documents\flask_shop_vscode\source\__init__.py:72]
2024-04-03 20:37:49,061 INFO: Flask_app startup [in C:\Users\Arman\Documents\flask_shop_vscode\source\__init__.py:72]
2024-04-03 20:38:18,835 INFO: Flask_app startup [in C:\Users\Arman\Documents\flask_shop_vscode\source\__init__.py:72]
2024-04-03 20:39:10,434 INFO: Flask_app startup [in C:\Users\Arman\Documents\flask_shop_vscode\source\__init__.py:72]
2024-04-03 20:49:09,311 INFO: Flask_app startup [in C:\Users\Arman\Documents\flask_shop_vscode\source\__init__.py:72]
2024-04-03 20:51:45,977 INFO: Flask_app startup [in C:\Users\Arman\Documents\flask_shop_vscode\source\__init__.py:72]
2024-04-03 20:55:47,829 INFO: Flask_app startup [in C:\Users\Arman\Documents\flask_shop_vscode\source\__init__.py:72]
2024-04-03 20:58:51,171 INFO: Flask_app startup [in C:\Users\Arman\Documents\flask_shop_vscode\source\__init__.py:72]
2024-04-03 21:00:42,559 INFO: Flask_app startup [in C:\Users\Arman\Documents\flask_shop_vscode\source\__init__.py:72]
2024-04-03 21:00:45,681 ERROR: Exception on /auth/login [GET] [in C:\Users\Arman\Documents\flask_shop_vscode\venv\Lib\site-packages\flask\app.py:828]
Traceback (most recent call last):
  File "C:\Users\Arman\Documents\flask_shop_vscode\venv\Lib\site-packages\flask\app.py", line 1463, in wsgi_app
    response = self.full_dispatch_request()
               ^^^^^^^^^^^^^^^^^^^^^^^^^^^^
  File "C:\Users\Arman\Documents\flask_shop_vscode\venv\Lib\site-packages\flask\app.py", line 872, in full_dispatch_request
    rv = self.handle_user_exception(e)
         ^^^^^^^^^^^^^^^^^^^^^^^^^^^^^
  File "C:\Users\Arman\Documents\flask_shop_vscode\venv\Lib\site-packages\flask\app.py", line 870, in full_dispatch_request
    rv = self.dispatch_request()
         ^^^^^^^^^^^^^^^^^^^^^^^
  File "C:\Users\Arman\Documents\flask_shop_vscode\venv\Lib\site-packages\flask\app.py", line 855, in dispatch_request
    return self.ensure_sync(self.view_functions[rule.endpoint])(**view_args)  # type: ignore[no-any-return]
           ^^^^^^^^^^^^^^^^^^^^^^^^^^^^^^^^^^^^^^^^^^^^^^^^^^^^^^^^^^^^^^^^^
  File "C:\Users\Arman\Documents\flask_shop_vscode\source\auth\routes.py", line 128, in login
    return render_template('auth/login.html', form=form, captcha=new_captcha_dict)
           ^^^^^^^^^^^^^^^^^^^^^^^^^^^^^^^^^^^^^^^^^^^^^^^^^^^^^^^^^^^^^^^^^^^^^^^
  File "C:\Users\Arman\Documents\flask_shop_vscode\venv\Lib\site-packages\flask\templating.py", line 150, in render_template
    return _render(app, template, context)
           ^^^^^^^^^^^^^^^^^^^^^^^^^^^^^^^
  File "C:\Users\Arman\Documents\flask_shop_vscode\venv\Lib\site-packages\flask\templating.py", line 131, in _render
    rv = template.render(context)
         ^^^^^^^^^^^^^^^^^^^^^^^^
  File "C:\Users\Arman\Documents\flask_shop_vscode\venv\Lib\site-packages\jinja2\environment.py", line 1301, in render
    self.environment.handle_exception()
  File "C:\Users\Arman\Documents\flask_shop_vscode\venv\Lib\site-packages\jinja2\environment.py", line 936, in handle_exception
    raise rewrite_traceback_stack(source=source)
  File "C:\Users\Arman\Documents\flask_shop_vscode\source\templates\auth\login.html", line 1, in top-level template code
    {% extends "base.html" %}
  File "C:\Users\Arman\Documents\flask_shop_vscode\source\templates\base.html", line 80, in top-level template code
    {% block content %}
  File "C:\Users\Arman\Documents\flask_shop_vscode\source\templates\auth\login.html", line 11, in block 'content'
    {{ render_field(form.username) }}
    ^^^^^^^^^^^^^^^^^^^^^^^^^
  File "C:\Users\Arman\Documents\flask_shop_vscode\venv\Lib\site-packages\jinja2\runtime.py", line 777, in _invoke
    rv = self._func(*arguments)
         ^^^^^^^^^^^^^^^^^^^^^^
  File "C:\Users\Arman\Documents\flask_shop_vscode\source\templates\macros\_formhelpers.html", line 2, in template
    {% import "bootstrap_wtf.html" as wtf %}
    ^^^^^^^^^^^^^^^^^^^^^^^^^
  File "C:\Users\Arman\Documents\flask_shop_vscode\venv\Lib\site-packages\flask\templating.py", line 65, in get_source
    return self._get_source_fast(environment, template)
           ^^^^^^^^^^^^^^^^^^^^^^^^^^^^^^^^^^^^^^^^^^^^
  File "C:\Users\Arman\Documents\flask_shop_vscode\venv\Lib\site-packages\flask\templating.py", line 99, in _get_source_fast
    raise TemplateNotFound(template)
jinja2.exceptions.TemplateNotFound: bootstrap_wtf.html
2024-04-04 12:27:46,324 INFO: Flask_app startup [in C:\Users\Arman\Documents\flask_shop_vscode\source\__init__.py:72]
2024-04-04 14:42:35,506 INFO: Flask_app startup [in C:\Users\Arman\Documents\flask_shop_vscode\source\__init__.py:72]
2024-04-04 14:43:59,528 INFO: Flask_app startup [in C:\Users\Arman\Documents\flask_shop_vscode\source\__init__.py:72]
2024-04-04 14:43:59,543 INFO: Flask_app startup [in C:\Users\Arman\Documents\flask_shop_vscode\source\__init__.py:72]
2024-04-04 14:43:59,543 INFO: Flask_app startup [in C:\Users\Arman\Documents\flask_shop_vscode\source\__init__.py:72]
2024-04-04 14:43:59,575 INFO: Flask_app startup [in C:\Users\Arman\Documents\flask_shop_vscode\source\__init__.py:72]
2024-04-04 14:43:59,575 INFO: Flask_app startup [in C:\Users\Arman\Documents\flask_shop_vscode\source\__init__.py:72]
2024-04-04 14:43:59,575 INFO: Flask_app startup [in C:\Users\Arman\Documents\flask_shop_vscode\source\__init__.py:72]
2024-04-04 14:43:59,596 INFO: Flask_app startup [in C:\Users\Arman\Documents\flask_shop_vscode\source\__init__.py:72]
2024-04-04 14:43:59,596 INFO: Flask_app startup [in C:\Users\Arman\Documents\flask_shop_vscode\source\__init__.py:72]
2024-04-04 14:43:59,596 INFO: Flask_app startup [in C:\Users\Arman\Documents\flask_shop_vscode\source\__init__.py:72]
2024-04-04 14:43:59,596 INFO: Flask_app startup [in C:\Users\Arman\Documents\flask_shop_vscode\source\__init__.py:72]
2024-04-04 14:43:59,747 INFO: Flask_app startup [in C:\Users\Arman\Documents\flask_shop_vscode\source\__init__.py:72]
2024-04-04 14:43:59,747 INFO: Flask_app startup [in C:\Users\Arman\Documents\flask_shop_vscode\source\__init__.py:72]
2024-04-04 14:43:59,747 INFO: Flask_app startup [in C:\Users\Arman\Documents\flask_shop_vscode\source\__init__.py:72]
2024-04-04 14:43:59,747 INFO: Flask_app startup [in C:\Users\Arman\Documents\flask_shop_vscode\source\__init__.py:72]
2024-04-04 14:43:59,747 INFO: Flask_app startup [in C:\Users\Arman\Documents\flask_shop_vscode\source\__init__.py:72]
2024-04-04 14:43:59,920 INFO: Flask_app startup [in C:\Users\Arman\Documents\flask_shop_vscode\source\__init__.py:72]
2024-04-04 14:43:59,920 INFO: Flask_app startup [in C:\Users\Arman\Documents\flask_shop_vscode\source\__init__.py:72]
2024-04-04 14:43:59,920 INFO: Flask_app startup [in C:\Users\Arman\Documents\flask_shop_vscode\source\__init__.py:72]
2024-04-04 14:43:59,920 INFO: Flask_app startup [in C:\Users\Arman\Documents\flask_shop_vscode\source\__init__.py:72]
2024-04-04 14:43:59,920 INFO: Flask_app startup [in C:\Users\Arman\Documents\flask_shop_vscode\source\__init__.py:72]
2024-04-04 14:43:59,920 INFO: Flask_app startup [in C:\Users\Arman\Documents\flask_shop_vscode\source\__init__.py:72]
2024-04-04 14:44:54,180 INFO: Flask_app startup [in C:\Users\Arman\Documents\flask_shop_vscode\source\__init__.py:72]
2024-04-04 14:44:54,196 INFO: Flask_app startup [in C:\Users\Arman\Documents\flask_shop_vscode\source\__init__.py:72]
2024-04-04 14:44:54,196 INFO: Flask_app startup [in C:\Users\Arman\Documents\flask_shop_vscode\source\__init__.py:72]
2024-04-04 14:44:54,212 INFO: Flask_app startup [in C:\Users\Arman\Documents\flask_shop_vscode\source\__init__.py:72]
2024-04-04 14:44:54,212 INFO: Flask_app startup [in C:\Users\Arman\Documents\flask_shop_vscode\source\__init__.py:72]
2024-04-04 14:44:54,212 INFO: Flask_app startup [in C:\Users\Arman\Documents\flask_shop_vscode\source\__init__.py:72]
2024-04-04 14:44:54,243 INFO: Flask_app startup [in C:\Users\Arman\Documents\flask_shop_vscode\source\__init__.py:72]
2024-04-04 14:44:54,243 INFO: Flask_app startup [in C:\Users\Arman\Documents\flask_shop_vscode\source\__init__.py:72]
2024-04-04 14:44:54,243 INFO: Flask_app startup [in C:\Users\Arman\Documents\flask_shop_vscode\source\__init__.py:72]
2024-04-04 14:44:54,243 INFO: Flask_app startup [in C:\Users\Arman\Documents\flask_shop_vscode\source\__init__.py:72]
2024-04-04 14:44:54,382 INFO: Flask_app startup [in C:\Users\Arman\Documents\flask_shop_vscode\source\__init__.py:72]
2024-04-04 14:44:54,382 INFO: Flask_app startup [in C:\Users\Arman\Documents\flask_shop_vscode\source\__init__.py:72]
2024-04-04 14:44:54,382 INFO: Flask_app startup [in C:\Users\Arman\Documents\flask_shop_vscode\source\__init__.py:72]
2024-04-04 14:44:54,382 INFO: Flask_app startup [in C:\Users\Arman\Documents\flask_shop_vscode\source\__init__.py:72]
2024-04-04 14:44:54,382 INFO: Flask_app startup [in C:\Users\Arman\Documents\flask_shop_vscode\source\__init__.py:72]
2024-04-04 14:44:54,414 INFO: Flask_app startup [in C:\Users\Arman\Documents\flask_shop_vscode\source\__init__.py:72]
2024-04-04 14:44:54,414 INFO: Flask_app startup [in C:\Users\Arman\Documents\flask_shop_vscode\source\__init__.py:72]
2024-04-04 14:44:54,414 INFO: Flask_app startup [in C:\Users\Arman\Documents\flask_shop_vscode\source\__init__.py:72]
2024-04-04 14:44:54,414 INFO: Flask_app startup [in C:\Users\Arman\Documents\flask_shop_vscode\source\__init__.py:72]
2024-04-04 14:44:54,414 INFO: Flask_app startup [in C:\Users\Arman\Documents\flask_shop_vscode\source\__init__.py:72]
2024-04-04 14:44:54,414 INFO: Flask_app startup [in C:\Users\Arman\Documents\flask_shop_vscode\source\__init__.py:72]
2024-04-04 14:45:03,586 INFO: Flask_app startup [in C:\Users\Arman\Documents\flask_shop_vscode\source\__init__.py:72]
2024-04-04 14:45:03,602 INFO: Flask_app startup [in C:\Users\Arman\Documents\flask_shop_vscode\source\__init__.py:72]
2024-04-04 14:45:03,602 INFO: Flask_app startup [in C:\Users\Arman\Documents\flask_shop_vscode\source\__init__.py:72]
2024-04-04 14:45:03,618 INFO: Flask_app startup [in C:\Users\Arman\Documents\flask_shop_vscode\source\__init__.py:72]
2024-04-04 14:45:03,618 INFO: Flask_app startup [in C:\Users\Arman\Documents\flask_shop_vscode\source\__init__.py:72]
2024-04-04 14:45:03,618 INFO: Flask_app startup [in C:\Users\Arman\Documents\flask_shop_vscode\source\__init__.py:72]
2024-04-04 14:45:03,649 INFO: Flask_app startup [in C:\Users\Arman\Documents\flask_shop_vscode\source\__init__.py:72]
2024-04-04 14:45:03,649 INFO: Flask_app startup [in C:\Users\Arman\Documents\flask_shop_vscode\source\__init__.py:72]
2024-04-04 14:45:03,649 INFO: Flask_app startup [in C:\Users\Arman\Documents\flask_shop_vscode\source\__init__.py:72]
2024-04-04 14:45:03,649 INFO: Flask_app startup [in C:\Users\Arman\Documents\flask_shop_vscode\source\__init__.py:72]
2024-04-04 14:45:03,789 INFO: Flask_app startup [in C:\Users\Arman\Documents\flask_shop_vscode\source\__init__.py:72]
2024-04-04 14:45:03,789 INFO: Flask_app startup [in C:\Users\Arman\Documents\flask_shop_vscode\source\__init__.py:72]
2024-04-04 14:45:03,789 INFO: Flask_app startup [in C:\Users\Arman\Documents\flask_shop_vscode\source\__init__.py:72]
2024-04-04 14:45:03,789 INFO: Flask_app startup [in C:\Users\Arman\Documents\flask_shop_vscode\source\__init__.py:72]
2024-04-04 14:45:03,789 INFO: Flask_app startup [in C:\Users\Arman\Documents\flask_shop_vscode\source\__init__.py:72]
2024-04-04 14:45:03,805 INFO: Flask_app startup [in C:\Users\Arman\Documents\flask_shop_vscode\source\__init__.py:72]
2024-04-04 14:45:03,805 INFO: Flask_app startup [in C:\Users\Arman\Documents\flask_shop_vscode\source\__init__.py:72]
2024-04-04 14:45:03,805 INFO: Flask_app startup [in C:\Users\Arman\Documents\flask_shop_vscode\source\__init__.py:72]
2024-04-04 14:45:03,805 INFO: Flask_app startup [in C:\Users\Arman\Documents\flask_shop_vscode\source\__init__.py:72]
2024-04-04 14:45:03,805 INFO: Flask_app startup [in C:\Users\Arman\Documents\flask_shop_vscode\source\__init__.py:72]
2024-04-04 14:45:03,805 INFO: Flask_app startup [in C:\Users\Arman\Documents\flask_shop_vscode\source\__init__.py:72]
2024-04-04 14:59:03,616 INFO: Flask_app startup [in C:\Users\Arman\Documents\flask_shop_vscode\source\__init__.py:72]
2024-04-04 14:59:03,631 INFO: Flask_app startup [in C:\Users\Arman\Documents\flask_shop_vscode\source\__init__.py:72]
2024-04-04 14:59:03,631 INFO: Flask_app startup [in C:\Users\Arman\Documents\flask_shop_vscode\source\__init__.py:72]
2024-04-04 14:59:03,663 INFO: Flask_app startup [in C:\Users\Arman\Documents\flask_shop_vscode\source\__init__.py:72]
2024-04-04 14:59:03,663 INFO: Flask_app startup [in C:\Users\Arman\Documents\flask_shop_vscode\source\__init__.py:72]
2024-04-04 14:59:03,663 INFO: Flask_app startup [in C:\Users\Arman\Documents\flask_shop_vscode\source\__init__.py:72]
2024-04-04 14:59:03,678 INFO: Flask_app startup [in C:\Users\Arman\Documents\flask_shop_vscode\source\__init__.py:72]
2024-04-04 14:59:03,678 INFO: Flask_app startup [in C:\Users\Arman\Documents\flask_shop_vscode\source\__init__.py:72]
2024-04-04 14:59:03,678 INFO: Flask_app startup [in C:\Users\Arman\Documents\flask_shop_vscode\source\__init__.py:72]
2024-04-04 14:59:03,678 INFO: Flask_app startup [in C:\Users\Arman\Documents\flask_shop_vscode\source\__init__.py:72]
2024-04-04 14:59:03,834 INFO: Flask_app startup [in C:\Users\Arman\Documents\flask_shop_vscode\source\__init__.py:72]
2024-04-04 14:59:03,834 INFO: Flask_app startup [in C:\Users\Arman\Documents\flask_shop_vscode\source\__init__.py:72]
2024-04-04 14:59:03,834 INFO: Flask_app startup [in C:\Users\Arman\Documents\flask_shop_vscode\source\__init__.py:72]
2024-04-04 14:59:03,834 INFO: Flask_app startup [in C:\Users\Arman\Documents\flask_shop_vscode\source\__init__.py:72]
2024-04-04 14:59:03,834 INFO: Flask_app startup [in C:\Users\Arman\Documents\flask_shop_vscode\source\__init__.py:72]
2024-04-04 14:59:03,850 INFO: Flask_app startup [in C:\Users\Arman\Documents\flask_shop_vscode\source\__init__.py:72]
2024-04-04 14:59:03,850 INFO: Flask_app startup [in C:\Users\Arman\Documents\flask_shop_vscode\source\__init__.py:72]
2024-04-04 14:59:03,850 INFO: Flask_app startup [in C:\Users\Arman\Documents\flask_shop_vscode\source\__init__.py:72]
2024-04-04 14:59:03,850 INFO: Flask_app startup [in C:\Users\Arman\Documents\flask_shop_vscode\source\__init__.py:72]
2024-04-04 14:59:03,850 INFO: Flask_app startup [in C:\Users\Arman\Documents\flask_shop_vscode\source\__init__.py:72]
2024-04-04 14:59:03,850 INFO: Flask_app startup [in C:\Users\Arman\Documents\flask_shop_vscode\source\__init__.py:72]
2024-04-04 14:59:13,311 INFO: Flask_app startup [in C:\Users\Arman\Documents\flask_shop_vscode\source\__init__.py:72]
2024-04-04 14:59:13,338 INFO: Flask_app startup [in C:\Users\Arman\Documents\flask_shop_vscode\source\__init__.py:72]
2024-04-04 14:59:13,338 INFO: Flask_app startup [in C:\Users\Arman\Documents\flask_shop_vscode\source\__init__.py:72]
2024-04-04 14:59:13,370 INFO: Flask_app startup [in C:\Users\Arman\Documents\flask_shop_vscode\source\__init__.py:72]
2024-04-04 14:59:13,370 INFO: Flask_app startup [in C:\Users\Arman\Documents\flask_shop_vscode\source\__init__.py:72]
2024-04-04 14:59:13,370 INFO: Flask_app startup [in C:\Users\Arman\Documents\flask_shop_vscode\source\__init__.py:72]
2024-04-04 14:59:13,417 INFO: Flask_app startup [in C:\Users\Arman\Documents\flask_shop_vscode\source\__init__.py:72]
2024-04-04 14:59:13,417 INFO: Flask_app startup [in C:\Users\Arman\Documents\flask_shop_vscode\source\__init__.py:72]
2024-04-04 14:59:13,417 INFO: Flask_app startup [in C:\Users\Arman\Documents\flask_shop_vscode\source\__init__.py:72]
2024-04-04 14:59:13,417 INFO: Flask_app startup [in C:\Users\Arman\Documents\flask_shop_vscode\source\__init__.py:72]
2024-04-04 14:59:13,582 INFO: Flask_app startup [in C:\Users\Arman\Documents\flask_shop_vscode\source\__init__.py:72]
2024-04-04 14:59:13,582 INFO: Flask_app startup [in C:\Users\Arman\Documents\flask_shop_vscode\source\__init__.py:72]
2024-04-04 14:59:13,582 INFO: Flask_app startup [in C:\Users\Arman\Documents\flask_shop_vscode\source\__init__.py:72]
2024-04-04 14:59:13,582 INFO: Flask_app startup [in C:\Users\Arman\Documents\flask_shop_vscode\source\__init__.py:72]
2024-04-04 14:59:13,582 INFO: Flask_app startup [in C:\Users\Arman\Documents\flask_shop_vscode\source\__init__.py:72]
2024-04-04 14:59:13,634 INFO: Flask_app startup [in C:\Users\Arman\Documents\flask_shop_vscode\source\__init__.py:72]
2024-04-04 14:59:13,634 INFO: Flask_app startup [in C:\Users\Arman\Documents\flask_shop_vscode\source\__init__.py:72]
2024-04-04 14:59:13,634 INFO: Flask_app startup [in C:\Users\Arman\Documents\flask_shop_vscode\source\__init__.py:72]
2024-04-04 14:59:13,634 INFO: Flask_app startup [in C:\Users\Arman\Documents\flask_shop_vscode\source\__init__.py:72]
2024-04-04 14:59:13,634 INFO: Flask_app startup [in C:\Users\Arman\Documents\flask_shop_vscode\source\__init__.py:72]
2024-04-04 14:59:13,634 INFO: Flask_app startup [in C:\Users\Arman\Documents\flask_shop_vscode\source\__init__.py:72]
2024-04-04 15:07:33,724 INFO: Flask_app startup [in C:\Users\Arman\Documents\flask_shop_vscode\source\__init__.py:72]
2024-04-04 15:07:33,867 INFO: Flask_app startup [in C:\Users\Arman\Documents\flask_shop_vscode\source\__init__.py:72]
2024-04-04 15:07:33,867 INFO: Flask_app startup [in C:\Users\Arman\Documents\flask_shop_vscode\source\__init__.py:72]
2024-04-04 15:07:34,023 INFO: Flask_app startup [in C:\Users\Arman\Documents\flask_shop_vscode\source\__init__.py:72]
2024-04-04 15:07:34,023 INFO: Flask_app startup [in C:\Users\Arman\Documents\flask_shop_vscode\source\__init__.py:72]
2024-04-04 15:07:34,023 INFO: Flask_app startup [in C:\Users\Arman\Documents\flask_shop_vscode\source\__init__.py:72]
2024-04-04 15:07:34,180 INFO: Flask_app startup [in C:\Users\Arman\Documents\flask_shop_vscode\source\__init__.py:72]
2024-04-04 15:07:34,180 INFO: Flask_app startup [in C:\Users\Arman\Documents\flask_shop_vscode\source\__init__.py:72]
2024-04-04 15:07:34,180 INFO: Flask_app startup [in C:\Users\Arman\Documents\flask_shop_vscode\source\__init__.py:72]
2024-04-04 15:07:34,180 INFO: Flask_app startup [in C:\Users\Arman\Documents\flask_shop_vscode\source\__init__.py:72]
2024-04-04 15:07:34,466 INFO: Flask_app startup [in C:\Users\Arman\Documents\flask_shop_vscode\source\__init__.py:72]
2024-04-04 15:07:34,466 INFO: Flask_app startup [in C:\Users\Arman\Documents\flask_shop_vscode\source\__init__.py:72]
2024-04-04 15:07:34,466 INFO: Flask_app startup [in C:\Users\Arman\Documents\flask_shop_vscode\source\__init__.py:72]
2024-04-04 15:07:34,466 INFO: Flask_app startup [in C:\Users\Arman\Documents\flask_shop_vscode\source\__init__.py:72]
2024-04-04 15:07:34,466 INFO: Flask_app startup [in C:\Users\Arman\Documents\flask_shop_vscode\source\__init__.py:72]
2024-04-04 15:07:34,619 INFO: Flask_app startup [in C:\Users\Arman\Documents\flask_shop_vscode\source\__init__.py:72]
2024-04-04 15:07:34,619 INFO: Flask_app startup [in C:\Users\Arman\Documents\flask_shop_vscode\source\__init__.py:72]
2024-04-04 15:07:34,619 INFO: Flask_app startup [in C:\Users\Arman\Documents\flask_shop_vscode\source\__init__.py:72]
2024-04-04 15:07:34,619 INFO: Flask_app startup [in C:\Users\Arman\Documents\flask_shop_vscode\source\__init__.py:72]
2024-04-04 15:07:34,619 INFO: Flask_app startup [in C:\Users\Arman\Documents\flask_shop_vscode\source\__init__.py:72]
2024-04-04 15:07:34,619 INFO: Flask_app startup [in C:\Users\Arman\Documents\flask_shop_vscode\source\__init__.py:72]
2024-04-04 15:25:44,092 INFO: Flask_app startup [in C:\Users\Arman\Documents\flask_shop_vscode\source\__init__.py:72]
2024-04-04 15:25:44,217 INFO: Flask_app startup [in C:\Users\Arman\Documents\flask_shop_vscode\source\__init__.py:72]
2024-04-04 15:25:44,217 INFO: Flask_app startup [in C:\Users\Arman\Documents\flask_shop_vscode\source\__init__.py:72]
2024-04-04 15:25:44,377 INFO: Flask_app startup [in C:\Users\Arman\Documents\flask_shop_vscode\source\__init__.py:72]
2024-04-04 15:25:44,377 INFO: Flask_app startup [in C:\Users\Arman\Documents\flask_shop_vscode\source\__init__.py:72]
2024-04-04 15:25:44,377 INFO: Flask_app startup [in C:\Users\Arman\Documents\flask_shop_vscode\source\__init__.py:72]
2024-04-04 15:25:44,535 INFO: Flask_app startup [in C:\Users\Arman\Documents\flask_shop_vscode\source\__init__.py:72]
2024-04-04 15:25:44,535 INFO: Flask_app startup [in C:\Users\Arman\Documents\flask_shop_vscode\source\__init__.py:72]
2024-04-04 15:25:44,535 INFO: Flask_app startup [in C:\Users\Arman\Documents\flask_shop_vscode\source\__init__.py:72]
2024-04-04 15:25:44,535 INFO: Flask_app startup [in C:\Users\Arman\Documents\flask_shop_vscode\source\__init__.py:72]
2024-04-04 15:25:44,801 INFO: Flask_app startup [in C:\Users\Arman\Documents\flask_shop_vscode\source\__init__.py:72]
2024-04-04 15:25:44,801 INFO: Flask_app startup [in C:\Users\Arman\Documents\flask_shop_vscode\source\__init__.py:72]
2024-04-04 15:25:44,801 INFO: Flask_app startup [in C:\Users\Arman\Documents\flask_shop_vscode\source\__init__.py:72]
2024-04-04 15:25:44,801 INFO: Flask_app startup [in C:\Users\Arman\Documents\flask_shop_vscode\source\__init__.py:72]
2024-04-04 15:25:44,801 INFO: Flask_app startup [in C:\Users\Arman\Documents\flask_shop_vscode\source\__init__.py:72]
2024-04-04 15:25:44,957 INFO: Flask_app startup [in C:\Users\Arman\Documents\flask_shop_vscode\source\__init__.py:72]
2024-04-04 15:25:44,957 INFO: Flask_app startup [in C:\Users\Arman\Documents\flask_shop_vscode\source\__init__.py:72]
2024-04-04 15:25:44,957 INFO: Flask_app startup [in C:\Users\Arman\Documents\flask_shop_vscode\source\__init__.py:72]
2024-04-04 15:25:44,957 INFO: Flask_app startup [in C:\Users\Arman\Documents\flask_shop_vscode\source\__init__.py:72]
2024-04-04 15:25:44,957 INFO: Flask_app startup [in C:\Users\Arman\Documents\flask_shop_vscode\source\__init__.py:72]
2024-04-04 15:25:44,957 INFO: Flask_app startup [in C:\Users\Arman\Documents\flask_shop_vscode\source\__init__.py:72]
2024-04-04 15:33:43,370 INFO: Flask_app startup [in C:\Users\Arman\Documents\flask_shop_vscode\source\__init__.py:72]
2024-04-04 15:36:50,508 INFO: Flask_app startup [in C:\Users\Arman\Documents\flask_shop_vscode\source\__init__.py:72]
2024-04-04 15:37:28,557 INFO: Flask_app startup [in C:\Users\Arman\Documents\flask_shop_vscode\source\__init__.py:72]
2024-04-04 15:37:57,683 INFO: Flask_app startup [in C:\Users\Arman\Documents\flask_shop_vscode\source\__init__.py:72]
2024-04-04 15:38:27,055 INFO: Flask_app startup [in C:\Users\Arman\Documents\flask_shop_vscode\source\__init__.py:72]
2024-04-04 15:38:27,180 INFO: Flask_app startup [in C:\Users\Arman\Documents\flask_shop_vscode\source\__init__.py:72]
2024-04-04 15:38:27,180 INFO: Flask_app startup [in C:\Users\Arman\Documents\flask_shop_vscode\source\__init__.py:72]
2024-04-04 15:38:27,322 INFO: Flask_app startup [in C:\Users\Arman\Documents\flask_shop_vscode\source\__init__.py:72]
2024-04-04 15:38:27,322 INFO: Flask_app startup [in C:\Users\Arman\Documents\flask_shop_vscode\source\__init__.py:72]
2024-04-04 15:38:27,322 INFO: Flask_app startup [in C:\Users\Arman\Documents\flask_shop_vscode\source\__init__.py:72]
2024-04-04 15:38:27,467 INFO: Flask_app startup [in C:\Users\Arman\Documents\flask_shop_vscode\source\__init__.py:72]
2024-04-04 15:38:27,467 INFO: Flask_app startup [in C:\Users\Arman\Documents\flask_shop_vscode\source\__init__.py:72]
2024-04-04 15:38:27,467 INFO: Flask_app startup [in C:\Users\Arman\Documents\flask_shop_vscode\source\__init__.py:72]
2024-04-04 15:38:27,467 INFO: Flask_app startup [in C:\Users\Arman\Documents\flask_shop_vscode\source\__init__.py:72]
2024-04-04 15:38:27,722 INFO: Flask_app startup [in C:\Users\Arman\Documents\flask_shop_vscode\source\__init__.py:72]
2024-04-04 15:38:27,722 INFO: Flask_app startup [in C:\Users\Arman\Documents\flask_shop_vscode\source\__init__.py:72]
2024-04-04 15:38:27,722 INFO: Flask_app startup [in C:\Users\Arman\Documents\flask_shop_vscode\source\__init__.py:72]
2024-04-04 15:38:27,722 INFO: Flask_app startup [in C:\Users\Arman\Documents\flask_shop_vscode\source\__init__.py:72]
2024-04-04 15:38:27,722 INFO: Flask_app startup [in C:\Users\Arman\Documents\flask_shop_vscode\source\__init__.py:72]
2024-04-04 15:38:28,010 INFO: Flask_app startup [in C:\Users\Arman\Documents\flask_shop_vscode\source\__init__.py:72]
2024-04-04 15:38:28,010 INFO: Flask_app startup [in C:\Users\Arman\Documents\flask_shop_vscode\source\__init__.py:72]
2024-04-04 15:38:28,010 INFO: Flask_app startup [in C:\Users\Arman\Documents\flask_shop_vscode\source\__init__.py:72]
2024-04-04 15:38:28,010 INFO: Flask_app startup [in C:\Users\Arman\Documents\flask_shop_vscode\source\__init__.py:72]
2024-04-04 15:38:28,010 INFO: Flask_app startup [in C:\Users\Arman\Documents\flask_shop_vscode\source\__init__.py:72]
2024-04-04 15:38:28,010 INFO: Flask_app startup [in C:\Users\Arman\Documents\flask_shop_vscode\source\__init__.py:72]
2024-04-04 15:44:37,955 INFO: Flask_app startup [in C:\Users\Arman\Documents\flask_shop_vscode\source\__init__.py:72]
2024-04-04 15:44:38,080 INFO: Flask_app startup [in C:\Users\Arman\Documents\flask_shop_vscode\source\__init__.py:72]
2024-04-04 15:44:38,080 INFO: Flask_app startup [in C:\Users\Arman\Documents\flask_shop_vscode\source\__init__.py:72]
2024-04-04 15:44:38,221 INFO: Flask_app startup [in C:\Users\Arman\Documents\flask_shop_vscode\source\__init__.py:72]
2024-04-04 15:44:38,221 INFO: Flask_app startup [in C:\Users\Arman\Documents\flask_shop_vscode\source\__init__.py:72]
2024-04-04 15:44:38,221 INFO: Flask_app startup [in C:\Users\Arman\Documents\flask_shop_vscode\source\__init__.py:72]
2024-04-04 15:44:38,361 INFO: Flask_app startup [in C:\Users\Arman\Documents\flask_shop_vscode\source\__init__.py:72]
2024-04-04 15:44:38,361 INFO: Flask_app startup [in C:\Users\Arman\Documents\flask_shop_vscode\source\__init__.py:72]
2024-04-04 15:44:38,361 INFO: Flask_app startup [in C:\Users\Arman\Documents\flask_shop_vscode\source\__init__.py:72]
2024-04-04 15:44:38,361 INFO: Flask_app startup [in C:\Users\Arman\Documents\flask_shop_vscode\source\__init__.py:72]
2024-04-04 15:44:38,611 INFO: Flask_app startup [in C:\Users\Arman\Documents\flask_shop_vscode\source\__init__.py:72]
2024-04-04 15:44:38,611 INFO: Flask_app startup [in C:\Users\Arman\Documents\flask_shop_vscode\source\__init__.py:72]
2024-04-04 15:44:38,611 INFO: Flask_app startup [in C:\Users\Arman\Documents\flask_shop_vscode\source\__init__.py:72]
2024-04-04 15:44:38,611 INFO: Flask_app startup [in C:\Users\Arman\Documents\flask_shop_vscode\source\__init__.py:72]
2024-04-04 15:44:38,611 INFO: Flask_app startup [in C:\Users\Arman\Documents\flask_shop_vscode\source\__init__.py:72]
2024-04-04 15:44:38,752 INFO: Flask_app startup [in C:\Users\Arman\Documents\flask_shop_vscode\source\__init__.py:72]
2024-04-04 15:44:38,752 INFO: Flask_app startup [in C:\Users\Arman\Documents\flask_shop_vscode\source\__init__.py:72]
2024-04-04 15:44:38,752 INFO: Flask_app startup [in C:\Users\Arman\Documents\flask_shop_vscode\source\__init__.py:72]
2024-04-04 15:44:38,752 INFO: Flask_app startup [in C:\Users\Arman\Documents\flask_shop_vscode\source\__init__.py:72]
2024-04-04 15:44:38,752 INFO: Flask_app startup [in C:\Users\Arman\Documents\flask_shop_vscode\source\__init__.py:72]
2024-04-04 15:44:38,752 INFO: Flask_app startup [in C:\Users\Arman\Documents\flask_shop_vscode\source\__init__.py:72]
2024-04-04 15:44:49,062 INFO: Flask_app startup [in C:\Users\Arman\Documents\flask_shop_vscode\source\__init__.py:72]
2024-04-04 15:44:49,187 INFO: Flask_app startup [in C:\Users\Arman\Documents\flask_shop_vscode\source\__init__.py:72]
2024-04-04 15:44:49,187 INFO: Flask_app startup [in C:\Users\Arman\Documents\flask_shop_vscode\source\__init__.py:72]
2024-04-04 15:44:49,329 INFO: Flask_app startup [in C:\Users\Arman\Documents\flask_shop_vscode\source\__init__.py:72]
2024-04-04 15:44:49,329 INFO: Flask_app startup [in C:\Users\Arman\Documents\flask_shop_vscode\source\__init__.py:72]
2024-04-04 15:44:49,329 INFO: Flask_app startup [in C:\Users\Arman\Documents\flask_shop_vscode\source\__init__.py:72]
2024-04-04 15:44:49,468 INFO: Flask_app startup [in C:\Users\Arman\Documents\flask_shop_vscode\source\__init__.py:72]
2024-04-04 15:44:49,468 INFO: Flask_app startup [in C:\Users\Arman\Documents\flask_shop_vscode\source\__init__.py:72]
2024-04-04 15:44:49,468 INFO: Flask_app startup [in C:\Users\Arman\Documents\flask_shop_vscode\source\__init__.py:72]
2024-04-04 15:44:49,468 INFO: Flask_app startup [in C:\Users\Arman\Documents\flask_shop_vscode\source\__init__.py:72]
2024-04-04 15:44:49,718 INFO: Flask_app startup [in C:\Users\Arman\Documents\flask_shop_vscode\source\__init__.py:72]
2024-04-04 15:44:49,718 INFO: Flask_app startup [in C:\Users\Arman\Documents\flask_shop_vscode\source\__init__.py:72]
2024-04-04 15:44:49,718 INFO: Flask_app startup [in C:\Users\Arman\Documents\flask_shop_vscode\source\__init__.py:72]
2024-04-04 15:44:49,718 INFO: Flask_app startup [in C:\Users\Arman\Documents\flask_shop_vscode\source\__init__.py:72]
2024-04-04 15:44:49,718 INFO: Flask_app startup [in C:\Users\Arman\Documents\flask_shop_vscode\source\__init__.py:72]
2024-04-04 15:44:49,859 INFO: Flask_app startup [in C:\Users\Arman\Documents\flask_shop_vscode\source\__init__.py:72]
2024-04-04 15:44:49,859 INFO: Flask_app startup [in C:\Users\Arman\Documents\flask_shop_vscode\source\__init__.py:72]
2024-04-04 15:44:49,859 INFO: Flask_app startup [in C:\Users\Arman\Documents\flask_shop_vscode\source\__init__.py:72]
2024-04-04 15:44:49,859 INFO: Flask_app startup [in C:\Users\Arman\Documents\flask_shop_vscode\source\__init__.py:72]
2024-04-04 15:44:49,859 INFO: Flask_app startup [in C:\Users\Arman\Documents\flask_shop_vscode\source\__init__.py:72]
2024-04-04 15:44:49,859 INFO: Flask_app startup [in C:\Users\Arman\Documents\flask_shop_vscode\source\__init__.py:72]
2024-04-04 18:50:55,398 INFO: Flask_app startup [in C:\Users\Arman\Documents\flask_shop_vscode\source\__init__.py:72]
2024-04-04 18:57:02,542 INFO: Flask_app startup [in C:\Users\Arman\Documents\flask_shop_vscode\source\__init__.py:72]
2024-04-04 19:11:10,099 INFO: Flask_app startup [in C:\Users\Arman\Documents\flask_shop_vscode\source\__init__.py:72]
2024-04-04 19:11:34,474 INFO: Flask_app startup [in C:\Users\Arman\Documents\flask_shop_vscode\source\__init__.py:72]
2024-04-04 19:15:03,152 INFO: Flask_app startup [in C:\Users\Arman\Documents\flask_shop_vscode\source\__init__.py:72]
2024-04-04 19:18:48,632 INFO: Flask_app startup [in C:\Users\Arman\Documents\flask_shop_vscode\source\__init__.py:72]
2024-04-04 19:26:41,985 INFO: Flask_app startup [in C:\Users\Arman\Documents\flask_shop_vscode\source\__init__.py:72]
2024-04-05 17:36:02,199 INFO: Flask_app startup [in C:\Users\Arman\Documents\flask_shop_vscode\source\__init__.py:72]
2024-04-05 17:37:31,355 INFO: Flask_app startup [in C:\Users\Arman\Documents\flask_shop_vscode\source\__init__.py:72]
2024-04-05 17:38:33,190 INFO: Flask_app startup [in C:\Users\Arman\Documents\flask_shop_vscode\source\__init__.py:72]
